Symlinking /home/wirin/MUKTHA/spinnaker_ws/devel/lib/libsubscriber_example.so
Symlinking /home/wirin/MUKTHA/spinnaker_ws/devel/lib/libacquilib.so
Symlinking /home/wirin/MUKTHA/spinnaker_ws/devel/lib/pkgconfig/spinnaker_sdk_camera_driver.pc
Symlinking /home/wirin/MUKTHA/spinnaker_ws/devel/lib/python2.7/dist-packages/spinnaker_sdk_camera_driver/__init__.py
Symlinking /home/wirin/MUKTHA/spinnaker_ws/devel/lib/python2.7/dist-packages/spinnaker_sdk_camera_driver/cfg/__init__.py
Symlinking /home/wirin/MUKTHA/spinnaker_ws/devel/lib/python2.7/dist-packages/spinnaker_sdk_camera_driver/cfg/spinnaker_camConfig.py
Symlinking /home/wirin/MUKTHA/spinnaker_ws/devel/lib/python2.7/dist-packages/spinnaker_sdk_camera_driver/msg/__init__.py
Symlinking /home/wirin/MUKTHA/spinnaker_ws/devel/lib/python2.7/dist-packages/spinnaker_sdk_camera_driver/msg/_SpinnakerImageNames.py
Symlinking /home/wirin/MUKTHA/spinnaker_ws/devel/lib/spinnaker_sdk_camera_driver/acquisition_node
Symlinking /home/wirin/MUKTHA/spinnaker_ws/devel/include/spinnaker_sdk_camera_driver/SpinnakerImageNames.h
Symlinking /home/wirin/MUKTHA/spinnaker_ws/devel/include/spinnaker_sdk_camera_driver/spinnaker_camConfig.h
Symlinking /home/wirin/MUKTHA/spinnaker_ws/devel/share/roseus/ros/spinnaker_sdk_camera_driver/manifest.l
Symlinking /home/wirin/MUKTHA/spinnaker_ws/devel/share/roseus/ros/spinnaker_sdk_camera_driver/msg/SpinnakerImageNames.l
Symlinking /home/wirin/MUKTHA/spinnaker_ws/devel/share/gennodejs/ros/spinnaker_sdk_camera_driver/_index.js
Symlinking /home/wirin/MUKTHA/spinnaker_ws/devel/share/gennodejs/ros/spinnaker_sdk_camera_driver/msg/_index.js
Symlinking /home/wirin/MUKTHA/spinnaker_ws/devel/share/gennodejs/ros/spinnaker_sdk_camera_driver/msg/SpinnakerImageNames.js
Symlinking /home/wirin/MUKTHA/spinnaker_ws/devel/share/common-lisp/ros/spinnaker_sdk_camera_driver/msg/_package.lisp
Symlinking /home/wirin/MUKTHA/spinnaker_ws/devel/share/common-lisp/ros/spinnaker_sdk_camera_driver/msg/SpinnakerImageNames.lisp
Symlinking /home/wirin/MUKTHA/spinnaker_ws/devel/share/common-lisp/ros/spinnaker_sdk_camera_driver/msg/spinnaker_sdk_camera_driver-msg.asd
Symlinking /home/wirin/MUKTHA/spinnaker_ws/devel/share/common-lisp/ros/spinnaker_sdk_camera_driver/msg/_package_SpinnakerImageNames.lisp
Symlinking /home/wirin/MUKTHA/spinnaker_ws/devel/share/spinnaker_sdk_camera_driver/cmake/spinnaker_sdk_camera_driver-msg-extras.cmake
Symlinking /home/wirin/MUKTHA/spinnaker_ws/devel/share/spinnaker_sdk_camera_driver/cmake/spinnaker_sdk_camera_driverConfig-version.cmake
Symlinking /home/wirin/MUKTHA/spinnaker_ws/devel/share/spinnaker_sdk_camera_driver/cmake/spinnaker_sdk_camera_driver-msg-paths.cmake
Symlinking /home/wirin/MUKTHA/spinnaker_ws/devel/share/spinnaker_sdk_camera_driver/cmake/spinnaker_sdk_camera_driverConfig.cmake
Symlinking /home/wirin/MUKTHA/spinnaker_ws/devel/share/spinnaker_sdk_camera_driver/docs/spinnaker_camConfig.dox
Symlinking /home/wirin/MUKTHA/spinnaker_ws/devel/share/spinnaker_sdk_camera_driver/docs/spinnaker_camConfig.wikidoc
Symlinking /home/wirin/MUKTHA/spinnaker_ws/devel/share/spinnaker_sdk_camera_driver/docs/spinnaker_camConfig-usage.dox
