Not searching for unused variables given on the command line.
[36m--[0m The C compiler identification is GNU 7.5.0
[36m--[0m The CXX compiler identification is GNU 7.5.0
[36m--[0m Check for working C compiler: /usr/bin/cc
[36m--[0m Check for working C compiler: /usr/bin/cc -- works
[36m--[0m Detecting C compiler ABI info
[36m--[0m Detecting C compiler ABI info - done
[36m--[0m Detecting C compile features
[36m--[0m Detecting C compile features - done
[36m--[0m Check for working CXX compiler: /usr/bin/c++
[36m--[0m Check for working CXX compiler: /usr/bin/c++ -- works
[36m--[0m Detecting CXX compiler ABI info
[36m--[0m Detecting CXX compiler ABI info - done
[36m--[0m Detecting CXX compile features
[36m--[0m Detecting CXX compile features - done
[36m--[0m Using CATKIN_DEVEL_PREFIX: /home/wirin/MUKTHA/spinnaker_ws/devel/.private/spinnaker_sdk_camera_driver
[36m--[0m Using CMAKE_PREFIX_PATH: /home/wirin/MUKTHA/spinnaker_ws/devel;/opt/ros/melodic
[36m--[0m This workspace overlays: /home/wirin/MUKTHA/spinnaker_ws/devel;/opt/ros/melodic
[36m--[0m Found PythonInterp: /usr/bin/python2 (found suitable version "2.7.17", minimum required is "2")
[36m--[0m Using PYTHON_EXECUTABLE: /usr/bin/python2
[36m--[0m Using Debian Python package layout
[36m--[0m Using empy: /usr/bin/empy
[36m--[0m Using CATKIN_ENABLE_TESTING: ON
[36m--[0m Call enable_testing()
[36m--[0m Using CATKIN_TEST_RESULTS_DIR: /home/wirin/MUKTHA/spinnaker_ws/build/spinnaker_sdk_camera_driver/test_results
[36m--[0m Found gtest sources under '/usr/src/googletest': gtests will be built
[36m--[0m Found gmock sources under '/usr/src/googletest': gmock will be built
[36m--[0m Found PythonInterp: /usr/bin/python2 (found version "2.7.17")
[36m--[0m Looking for pthread.h
[36m--[0m Looking for pthread.h - found
[36m--[0m Looking for pthread_create
[36m--[0m Looking for pthread_create - not found
[36m--[0m Looking for pthread_create in pthreads
[36m--[0m Looking for pthread_create in pthreads - not found
[36m--[0m Looking for pthread_create in pthread
[36m--[0m Looking for pthread_create in pthread - found
[36m--[0m Found Threads: TRUE
[36m--[0m Using Python nosetests: /usr/bin/nosetests-2.7
[36m--[0m catkin 0.7.29
[36m--[0m BUILD_SHARED_LIBS is on
[36m--[0m Using these message generators: gencpp;geneus;genlisp;gennodejs;genpy
[33m[1mCMake Warning[0m at /home/wirin/MUKTHA/spinnaker_ws/src/spinnaker_camera_driver/CMakeLists.txt:24 (find_package):
  By not providing "Findtrigger_msgs.cmake" in CMAKE_MODULE_PATH this project
  has asked CMake to find a package configuration file provided by
  "trigger_msgs", but CMake did not find one.

  Could not find a package configuration file provided by "trigger_msgs" with
  any of the following names:

    trigger_msgsConfig.cmake
    trigger_msgs-config.cmake

  Add the installation prefix of "trigger_msgs" to CMAKE_PREFIX_PATH or set
  "trigger_msgs_DIR" to a directory containing one of the above files.  If
  "trigger_msgs" provides a separate development package or SDK, be sure it
  has been installed.


[36m--[0m Spinnaker found in the system
spinnaker lib :   /opt/spinnaker/lib/libSpinnaker.so
[36m--[0m Found OpenCV: /usr (found version "4.1.1")
Detected ARM architecture
[36m--[0m Boost version: 1.65.1
[36m--[0m Boost version: 1.65.1
[36m--[0m Found the following Boost libraries:
[36m--[0m   filesystem
[36m--[0m   system
[36m--[0m   serialization
[36m--[0m spinnaker_sdk_camera_driver: 1 messages, 0 services
[36m--[0m Configuring done
[36m--[0m Generating done
[36m--[0m Build files have been written to: /home/wirin/MUKTHA/spinnaker_ws/build/spinnaker_sdk_camera_driver
